ps_partkey|value
4877|18980009.12
198585|16694701.69
78280|15889749.48
89702|15676712.64
15055|15452319.20
8301|15347290.61
149560|15216098.40
106104|15088823.00
151677|15081591.93
190017|14888288.32
169661|14862425.28
174268|14620946.23
142235|14355412.47
12876|14295909.16
130775|14167824.05
150337|14049885.78
37169|13907386.08
20374|13659528.00
47920|13642032.64
36522|13545061.28
118846|13509777.62
129261|13253722.92
187417|13202419.84
184358|12949084.82
53021|12896811.51
3968|12877325.80
67263|12850627.28
150973|12733034.50
22222|12647602.06
11164|12609746.59
42369|12532737.64
24678|12510712.96
8857|12503586.60
79601|12478443.76
173486|12443950.99
114546|12259977.38
93880|12254819.73
148710|12251705.40
57049|12225926.17
116797|12133802.74
124930|12113234.57
197832|12019883.18
45009|11997721.75
5801|11967749.26
133714|11915085.42
17175|11893788.68
134293|11724056.52
89853|11711848.32
19302|11685274.53
43561|11650744.57
68624|11622538.06
136227|11604142.48
197896|11585730.78
7756|11524063.90
54292|11512225.17
96323|11500976.31
59261|11462131.14
33941|11451269.75
194236|11417311.41
2962|11407573.47
53498|11405605.86
26869|11326615.55
24024|11245937.58
84438|11224283.02
173864|11206354.20
55432|11175364.57
57922|11165954.24
64678|11108284.76
90055|11075947.39
188459|11062223.71
8879|11038016.62
28855|11016839.83
9726|11010851.21
129400|11004553.47
171912|10982580.15
173307|10943072.64
148667|10938441.61
81263|10936344.24
147558|10918244.30
17562|10895811.27
26435|10843113.01
61205|10830946.25
171318|10775291.90
177975|10772161.57
156003|10761223.59
82210|10757818.73
76343|10683930.41
134671|10663410.93
94678|10652021.68
140517|10629139.03
91707|10557073.55
194897|10554637.22
36379|10512146.05
36752|10497419.28
171719|10493200.94
81292|10445047.77
197498|10444627.38
144588|10423094.16
86726|10420415.11
92466|10395673.32
98409|10382911.10
164903|10381385.90
33781|10364661.66
41357|10363948.72
127442|10356108.14
44898|10331851.20
126100|10322489.35
68825|10297216.26
165319|10287145.97
76216|10276920.58
173746|10259140.71
1379|10240051.89
96548|10207678.98
11668|10189899.12
78850|10189841.46
124371|10188573.90
111357|10184349.92
32867|10159336.45
77911|10091327.56
103767|10090956.30
46275|10059891.36
69107|10056839.39
151468|10049105.26
77658|10018983.32
1114|9994252.67
163866|9990593.28
162803|9956961.87
90854|9942428.44
7059|9937148.28
72548|9936257.79
8787|9925772.46
94388|9915123.78
134345|9914858.31
23575|9909799.12
127967|9895440.72
47588|9891239.68
162210|9888505.88
82361|9873384.82
102422|9864837.15
162196|9861182.57
103632|9844952.37
116184|9842451.72
47102|9838337.29
114548|9828610.84
156099|9820228.39
195316|9816753.11
156877|9816032.62
53766|9815380.80
109549|9814360.05
45021|9809511.04
154963|9804559.14
110220|9777762.02
116344|9776347.42
183636|9751261.80
17836|9751073.97
72483|9738361.89
167753|9734885.92
20835|9729522.36
155532|9722615.68
52822|9721693.73
55848|9719441.62
95515|9698632.50
18723|9697221.12
93850|9695323.68
188932|9683050.82
69666|9682801.20
59601|9682194.28
162445|9678275.10
82009|9677603.62
109018|9672984.61
50516|9672215.64
35233|9664757.06
23851|9662418.18
114374|9654161.76
126194|9647400.04
115315|9644320.56
95265|9631581.80
62796|9620052.25
91574|9616159.35
131123|9615250.58
1011|9608892.80
174479|9590443.86
173169|9589302.27
14099|9580600.47
93692|9580526.28
2756|9578873.72
139171|9575812.65
38163|9574341.84
16733|9572659.66
183031|9569036.54
102952|9559716.32
128082|9559696.25
51478|9558106.42
43595|9546434.88
127543|9540472.78
197416|9530535.02
101253|9528329.78
179542|9523147.59
107288|9515295.27
116142|9514987.37
8697|9502176.42
176249|9501526.14
81106|9499282.50
92591|9496013.42
134330|9492332.20
20631|9487413.65
182734|9485103.98
113489|9475720.73
162025|9469720.52
33053|9466119.00
13696|9465789.62
132205|9463311.64
144035|9456660.00
113850|9451745.27
171331|9434990.98
122442|9431322.66
174710|9422502.23
103450|9420009.06
70401|9418952.88
37835|9417492.19
183687|9407829.44
3687|9405530.75
36366|9398436.45
88482|9386877.72
175801|9385541.66
15723|9383900.80
12880|9374744.57
188472|9364237.25
167835|9360912.39
132774|9348896.34
162943|9348791.15
71580|9347534.10
92427|9344751.92
16760|9338959.20
185767|9334439.10
7947|9333866.88
127926|9330652.08
7872|9330185.54
113812|9326505.42
6703|9325389.42
194393|9319975.92
23687|9317081.10
152743|9316762.26
186640|9312758.91
188879|9311890.28
32142|9311187.04
53853|9299481.37
131258|9298652.04
104529|9294880.26
47434|9293009.88
136167|9289726.04
32905|9286340.00
132516|9283783.57
59013|9275049.41
199783|9272643.86
119569|9261329.22
84420|9259768.72
166782|9258767.07
154832|9258139.20
128902|9255393.26
147493|9254575.10
191419|9249437.67
51516|9248735.65
160334|9245997.62
59251|9244092.99
190428|9241871.94
65453|9236408.04
61435|9223276.94
123561|9221998.50
48660|9221135.56
75055|9215566.28
2774|9214744.28
116544|9212798.10
960|9209653.78
120566|9208299.36
62363|9201696.71
198723|9199216.38
4937|9194650.42
136562|9192972.36
160436|9191090.25
144342|9186568.80
47442|9184332.20
119255|9183029.16
92502|9179952.32
100177|9177261.72
189954|9175799.26
19171|9171765.12
71771|9169939.01
155057|9158334.22
187858|9153485.50
172081|9152698.68
183319|9149515.50
176381|9149138.81
43363|9148043.44
106174|9147203.66
180417|9145729.75
153445|9143876.36
85248|9142945.30
111739|9141600.00
156265|9140819.60
21766|9140135.36
102552|9139186.54
70121|9137849.91
22410|9136964.90
141778|9124789.24
73858|9124097.24
195820|9121507.72
144654|9120822.76
124426|9118552.38
42765|9118426.24
96894|9111550.89
149252|9107591.27
27873|9103136.02
117340|9101760.56
184708|9100357.74
160048|9098358.73
98950|9097686.40
153757|9087295.50
185873|9085653.68
136429|9085342.75
139362|9082522.68
193398|9081137.52
20217|9074448.00
23736|9073514.80
38421|9072253.47
9559|9070880.04
197137|9069335.10
74449|9068912.42
69376|9067535.40
80013|9064539.39
152792|9063173.28
28497|9057458.10
57672|9056420.10
133684|9040241.02
186752|9033344.88
84615|9030810.24
127822|9028824.86
199137|9023362.12
101124|9023214.64
56797|9023145.22
72080|9023043.36
131737|9022786.12
190834|9022691.00
123441|9016093.04
118381|9015480.32
31890|9014510.16
180765|9013341.00
115282|9013246.25
165785|9009794.13
154905|9008165.82
187263|9006390.00
110223|9003447.86
57634|9002771.90
31883|9001515.06
193971|8997556.40
142564|8997469.63
192736|8997260.55
46785|8996210.35
63031|8993687.36
64403|8992436.74
90973|8987967.90
127057|8987964.50
92316|8986813.92
137156|8984251.75
12280|8981810.50
198727|8981323.56
147377|8965201.28
90203|8964917.82
43808|8959254.40
167410|8955825.86
104354|8955307.25
174045|8953359.18
22277|8949542.15
193353|8948652.14
128184|8947490.12
142807|8946749.68
171031|8945944.80
113886|8945862.22
144365|8945713.44
59554|8944812.45
196845|8940090.78
124703|8936935.00
118433|8935359.96
163636|8930632.25
8358|8930611.48
55877|8928622.65
140738|8923956.56
9266|8923656.30
20450|8919825.94
153450|8914136.00
134915|8912878.08
148027|8912199.03
159401|8911526.62
66805|8910809.05
195377|8906933.45
7226|8899506.40
109885|8898713.01
84354|8896622.41
154529|8893223.22
109373|8891397.12
44058|8891249.64
191919|8889932.12
10020|8889068.89
73445|8888973.70
21439|8885968.20
77868|8882280.18
27774|8881358.16
187922|8879956.80
175333|8875319.96
137422|8875085.66
108654|8872195.32
27835|8871594.98
34600|8869647.15
188409|8869446.82
35936|8867071.06
109019|8866428.76
14556|8863534.84
93597|8859494.07
180219|8858692.70
171018|8856256.00
64436|8856051.04
173505|8846857.00
154524|8845356.43
44535|8842937.25
129474|8840711.16
32876|8840668.32
29203|8840642.00
85873|8838944.73
145914|8837297.28
100843|8836088.64
18427|8835124.95
15490|8833581.40
54235|8829472.68
91328|8823722.18
86074|8817040.44
47059|8816402.10
122729|8816334.84
136936|8808216.80
39494|8807351.19
154990|8802441.70
40527|8801318.88
8184|8799874.30
37010|8799582.39
96154|8798719.04
106636|8797892.40
196187|8793034.76
140425|8792735.51
128806|8791218.16
21331|8789713.36
87231|8789553.72
163479|8787458.40
196528|8784260.28
130236|8782492.20
138059|8782403.76
180636|8782212.60
158406|8778735.68
143018|8772632.65
199780|8763163.68
25418|8761668.56
73787|8761239.00
196707|8758429.20
176740|8756981.52
188104|8756202.00
26181|8755865.94
193050|8753287.62
113359|8751807.48
55019|8751068.45
142996|8750352.00
138745|8747333.32
101740|8746720.60
35867|8746515.47
68656|8741405.55
154588|8739409.00
174802|8738783.20
64366|8738055.20
188893|8733486.96
184728|8732682.63
196325|8724502.68
135526|8724103.08
142982|8722572.08
85848|8720731.76
66366|8719348.19
8983|8716754.65
57753|8715109.50
101193|8708786.44
71331|8708062.44
98530|8707530.72
165219|8707520.59
59803|8707512.69
110029|8707162.35
172466|8706222.10
6098|8705010.16
6873|8702263.38
50786|8701152.00
171601|8696237.76
5817|8693384.63
166806|8690164.50
91743|8687324.36
76654|8687181.90
41826|8686755.00
30986|8686094.50
62621|8683841.62
170600|8677039.80
196875|8676832.32
29533|8676386.94
155767|8674033.11
139941|8672677.09
121450|8672478.84
197200|8671674.88
156932|8670989.40
196360|8668956.03
65841|8666185.14
91283|8663425.58
17756|8663247.60
141747|8659184.24
49865|8657597.61
21357|8656345.77
58342|8651587.98
118470|8649181.80
56473|8645889.96
112791|8645515.20
199183|8643074.20
102934|8641886.43
118466|8641316.60
145477|8638661.58
112842|8636543.52
164289|8635703.46
8102|8632227.00
130741|8631949.52
77835|8631786.24
61457|8631168.00
52542|8630071.32
173145|8629286.81
174393|8628117.19
29410|8627971.36
52177|8626732.40
136748|8626100.84
105132|8622379.35
79705|8622275.76
53304|8621708.79
42394|8617448.07
157436|8616032.66
7283|8614699.20
148459|8614148.20
59033|8611806.84
70337|8611306.80
192081|8611151.74
148155|8608026.68
28356|8607936.57
10092|8607555.00
85974|8605477.11
134132|8604982.80
122247|8604179.64
119524|8598767.40
62560|8597496.16
84117|8597198.12
196280|8594835.73
35481|8590039.40
96685|8589701.01
24881|8585021.97
166889|8581705.65
1802|8579211.06
190399|8578889.80
120933|8578761.84
19507|8578274.60
63655|8573107.35
184795|8572145.07
134859|8566434.96
133122|8566143.96
134388|8564952.28
112182|8559892.73
28740|8559881.48
182564|8559857.29
33298|8558901.96
147774|8557451.65
198356|8555461.68
127966|8550415.92
80642|8547282.00
4656|8546294.58
137971|8545985.56
135478|8544981.28
178314|8543419.92
97760|8540112.62
51194|8535353.45
195583|8534968.72
53737|8534601.40
11868|8532830.25
8598|8528984.97
115956|8528480.76
46839|8527197.90
85302|8525192.12
9168|8521434.00
107200|8520516.20
32779|8518879.44
151557|8517513.76
17|8515219.25
112177|8513325.82
15905|8511122.90
141816|8511075.68
184934|8509884.08
156150|8508631.56
120055|8507191.44
98723|8501997.06
196095|8499194.88
162099|8499085.84
50993|8495814.19
55936|8493461.40
198518|8489763.88
158606|8489131.98
28391|8488072.01
9877|8487911.70
141565|8487098.88
199109|8485604.75
168461|8485305.62
78436|8483955.90
187156|8480664.50
13404|8480513.30
185256|8479890.08
97059|8479671.20
167215|8479446.12
137964|8478265.05
113084|8477015.68
99175|8475585.72
125453|8475511.44
67866|8474733.52
7854|8473752.61
87377|8470347.72
98335|8468675.76
154726|8468408.00
43465|8467252.98
37568|8465800.46
140106|8464429.72
62659|8462322.39
70030|8462178.60
2592|8461303.30
150561|8456551.74
39593|8455166.28
16323|8455036.11
117444|8452876.63
139692|8450217.15
173632|8449762.66
97630|8449563.06
132026|8444831.50
32371|8443153.95
72396|8442618.62
74863|8442599.32
197340|8438790.80
12920|8437338.07
171982|8436049.60
51901|8435586.78
183699|8434874.74
89572|8432424.00
138464|8430399.89
81684|8429989.50
29094|8428376.00
86640|8427372.12
120106|8424310.00
39335|8423266.80
185054|8419145.96
85817|8418324.25
144110|8418172.20
179992|8417717.75
72970|8413565.63
147394|8410590.00
165179|8404954.43
150417|8402480.58
74979|8401473.61
170989|8400228.90
176003|8400033.12
66875|8396519.67
115517|8395352.46
86326|8395111.02
21656|8394977.40
119463|8391464.61
179527|8390401.56
82617|8389555.42
171170|8388425.60
18194|8386411.40
163469|8384570.70
1104|8382648.00
83888|8381298.26
81417|8380961.80
117216|8378102.16
8850|8373464.76
187779|8372140.64
37481|8371417.08
96197|8369992.82
154021|8369729.34
146153|8368662.90
86908|8366516.46
54162|8365587.88
82947|8361167.19
141879|8358920.10
134327|8357712.06
22275|8356807.94
131847|8356639.68
123353|8355720.00
93198|8355496.75
93737|8355190.24
16|8353432.36
27099|8350767.71
31354|8350558.21
54875|8342993.12
59961|8341606.77
194934|8340956.96
10633|8339926.47
88967|8339642.74
141173|8339167.98
169765|8338733.72
122784|8337359.94
120920|8336274.64
131814|8335705.84
86643|8334005.17
113686|8330583.82
80057|8322300.98
178111|8322017.22
148836|8320088.16
83634|8316343.35
58898|8315596.25
35533|8315300.85
106515|8314806.10
187911|8313643.70
29101|8313075.54
28315|8309368.56
112815|8309303.44
199350|8306392.50
13738|8305906.37
149270|8305586.67
179255|8305026.16
107525|8302756.80
141566|8302380.03
124853|8301848.16
67537|8301461.62
77507|8301218.75
30431|8300146.84
140433|8299336.54
154987|8298780.16
36401|8298139.64
112900|8296943.40
115830|8295322.92
31982|8295197.89
31427|8292017.25
51025|8290441.54
181557|8289021.60
189416|8288459.84
49476|8288247.54
103882|8280564.80
3135|8280521.26
22196|8275394.05
114761|8275226.85
182453|8272297.47
161104|8270829.63
28717|8267255.88
155407|8266913.91
91336|8266124.84
196733|8265759.30
196653|8263557.78
195634|8263447.80
170011|8261551.90
194354|8261036.76
186171|8261015.88
53894|8260555.37
26896|8259373.17
117355|8257817.90
49394|8257817.84
154386|8257270.77
121716|8253548.58
116661|8253035.88
155841|8252255.80
38794|8250931.02
68349|8250707.20
160141|8250623.28
128710|8250123.12
96244|8249770.62
118842|8246296.86
39054|8243575.76
92188|8243293.50
178997|8242980.46
118609|8242357.28
148935|8241626.70
164171|8240865.47
44877|8238754.80
174440|8238065.22
128213|8236764.80
135964|8236471.50
101840|8234625.00
167673|8233539.70
90438|8230774.50
110481|8228659.80
36805|8222881.94
71419|8221286.70
71017|8220356.29
32431|8218415.40
151847|8218264.91
7552|8217258.80
5735|8216004.80
76631|8214915.84
6980|8214264.00
42227|8209753.65
90354|8209114.56
24021|8208346.00
56625|8206130.40
100811|8204345.92
180297|8203665.70
127776|8200127.52
23467|8200008.68
141104|8198910.58
76864|8197229.32
195007|8192627.94
175802|8191277.85
153352|8189125.92
37911|8187263.06
162466|8186624.11
14305|8186516.52
199952|8186048.08
102466|8183832.28
120989|8183526.64
1871|8183061.20
132478|8181327.60
80311|8180646.50
149398|8179115.97
164678|8175556.74
87656|8174180.25
94120|8170423.18
24509|8167171.32
98852|8162107.59
10017|8160938.16
187184|8160316.41
58391|8158586.08
151450|8153944.80
77313|8152575.75
10903|8151679.45
54734|8151046.00
14351|8150782.22
116860|8149949.99
7679|8149598.47
8837|8148388.00
193726|8147738.28
