s_name|s_address
Supplier#000000024|C4nPvLrVmKPPabFCj
Supplier#000000037|cqjyB5h1nV
Supplier#000000118|BYtvNtFpQAHHoBFWF
Supplier#000000183|zAAIv68BEXvllrfgsW,i8e
Supplier#000000261|vUT2UDI,GAqIA
Supplier#000000291|0qDDQst1b1bznHQh5jsmOq8nxf8Pz1Kn
Supplier#000000368|3o5w6T5HzjFmSf1
Supplier#000000370|yyNSJAG9UXcWit4SeMkEIrNcdVq5
Supplier#000000463|XOb4DatMUyqMuFM92ZRaapwsEQ
Supplier#000000474|USHBMdX8iFodU
Supplier#000000491|mTbDcJHQ7d
Supplier#000000683|W0rFJpyes6atCIuwAmktnK
Supplier#000000701|ijyXEKJPjoVzpXY9g
Supplier#000000764|2qcwW0V7q3Ipei1tPW3
Supplier#000000774|XVYeiG4,BopCyYAQwld4l0scarsoe8J0cQ
Supplier#000000784|Or3 KncT1AHPPb
Supplier#000000800|Z4 hpmBjpjBXREqzixsBCIaF
Supplier#000000817|0GTKh7JybR8sVahPoJT8kbNtDV0TzA79Q
Supplier#000000983|XOYb xohl2j0U7wTTUaT4F6DShKfH4Hv3p,hnP 
Supplier#000001097|1FeaDqTTemSqxWvrsh58K3YCwiG
Supplier#000001143|Lm h,MliyudNgZYMKKEE1,CUh21kOOdrqdDPZqm
Supplier#000001146|UKWRbMRr47499Kta
Supplier#000001158|, tVY8orI3
Supplier#000001203|jHCBBvYw1DqzKRAV7T1bGz
Supplier#000001206|pFMSZD5MiEv
Supplier#000001311|RkSRZhG0WUBIvJSU1X9js0hOmfx6SL6b1hmKW4bf
Supplier#000001342|PLHRQAf4AK okYJGKWODElzeupU4y,ijWOd0Q2q,
Supplier#000001362|3l5jqvUos9Zbu
Supplier#000001363|gn CXPzlZVpy
Supplier#000001418|FVmNlHh2wrXJMQUDZqnp8GNIlQCnmHHzplBS,CF
Supplier#000001422|J48g9qobTEuBQPvZa6DH3TEHlL1VD11xtutv36pF
Supplier#000001493|MEIytTTK27Z1YIyJ4fRh3FsLUJEzQxaM
Supplier#000001549|MYsM43isIm8Y5u
Supplier#000001592|R7WTSZx6J5eE0QdCP6Xrvwuz
Supplier#000001689|eLZWHr5DsW8
Supplier#000001717|iLO76fgaDH6DFsBfb6ZMnOK7F9LnqoZRvjQzVpj
Supplier#000001720|ZTDR6fE4HR3fDSKs
Supplier#000002024|8PEKfAVOdGCspXSXMAZln
Supplier#000002099|xpHU3PIuVz5UfoiaKiQtIxqbmln5zf
Supplier#000002177|6O,8q,u1FLWiKGGZmfhGg9ooXl1AHARWZIti
Supplier#000002239|NL9w9GFCzq6N
Supplier#000002258|bXE2ygKSjCOsmijmUy5TbL
Supplier#000002445|gVkPmZC9v7zjro
Supplier#000002458|c8eZIly7LJrl7buLs7OTvNeEStmEFHIJ4hOk
Supplier#000002564|lZUJcDjtVMbdaBJ0w82CN
Supplier#000002767|TH8T96SZPPsJOC5
Supplier#000002962|gRQXWtrUwB6Al99PmX1O
Supplier#000003096|,ZraWb5SVMxGHmoNlmKLSqKjyC Q9JSlujpQbW49
Supplier#000003137|dlR1SeOSy6FG
Supplier#000003162|ELupM21SsqcCJOgwvOl0V9j5uulbE13R
Supplier#000003278|e2IO3KGtSZl18kn2rh6BNMe9U7LL7CW7CjCj
Supplier#000003292|rdZxuvAOnGA5TGTgAZlaor Ah7pd1xqVUz4V7nYL
Supplier#000003293|filufiVzCBVot7vAwPRvCimnQ
Supplier#000003296|0c318ax2Hbuqd9qDJwxDVmMpTM9RLSFeXsXlLHck
Supplier#000003504|FHr0MRFGEDInYaqPsqVOU24TLJCiJiR0UrVcmap
Supplier#000003506|kJoSJKvCYigjYeOhM74tpsnkAdKto7u7jEE8B
Supplier#000003539|uPKu8p0Vv2MzTU8y POo19yNgM4Hz6JB
Supplier#000003612|bAV9ZD QRt2WxJGltie8o3ihwffMrqMrkvN95
Supplier#000003718|VPtTYIzJwSIEvyOSe0BCtrY6I
Supplier#000003771|fKMoUiWDIp8y mwFuVj7,K
Supplier#000003824|m7fIwVues7ktkv5aSrQz1BJCAcnZXzNm
Supplier#000003843|y 5Wl63UOfOUpa4l5no8poPlQ4PJJPlKE7s
Supplier#000003853|,XhDB3dz2sL1PFx2BR4NnSVsoA sBiqj8pJKHvj9
Supplier#000003871|0l9vr6DDagytSNo,SD2mkG4XezH8L1loBW7uXV
Supplier#000003897|AOtckHviCl 1XE0HfVh
Supplier#000004002|MbWjR,serF9TsLjrAnK
Supplier#000004047|YH7KD9kGfJ4zQSm4r9fxlTwOg,MB,7c
Supplier#000004067|ip9T3DacGd9CT79BTFzQKIOiF7AJaM
Supplier#000004149|yMUXO0,YCZcmG
Supplier#000004215|NEDU5ZeLyyn,EDkL
Supplier#000004245|1oTU7eTB3MT5QmFK8pghsb1UC
Supplier#000004259|GozazL5xiDkcFKmg04MYTxri
Supplier#000004287|jxPJkPGiyju9JoiI7SZpsH
Supplier#000004357|uzdO3uspHY 53emWnBc3eaiMxexRnlN8
Supplier#000004363|l4P3TdjquM8tDcE
Supplier#000004390|FaJZ b KdjxA06ZdUW3sdWEAddDR
Supplier#000004405|YzK43TC6Bi,5glkw6gQoaIpn8FCt
Supplier#000004417|ULVd9moW2Bb4QSaqPmgbEGqoPR0T6TJkA
Supplier#000004440|k7bBHpIHLsEP0ITJDYNPLIdoO4WBU
Supplier#000004447|PogpwSZyu8k
Supplier#000004494|WCQNf4k5wKj1l
Supplier#000004620|z,Qym,C,goAXpPmM0L9s1Slv4
Supplier#000004637|CLqkPPUi,tCY8YoGXEXv9WTGM8rNMXZ7KLRykj
Supplier#000004734|MAOjF4S,gSeBiN
Supplier#000004800|uy,dK eND3Ogaubkl,otcLPvdISomww9btn1s
Supplier#000004902|YdQIzRgwNou4BRRect7We
Supplier#000004930|w0kSsrbeC1uvnXyo06Yqlf
Supplier#000004943|x8duiqMOaVAjMxHCMbroi dMau2Kx1PgI72K8o,
Supplier#000004964|OMsqenynW3u7XxruccNIC
Supplier#000004970|wytxC,bck4YitciVKox5
Supplier#000004977|VYeEHmvwp0D43z
Supplier#000005021|qtiNfDL dv7lsLA
Supplier#000005022|LtH4qtqST6dY,v,Bs
Supplier#000005094|35COOPYtrR4fjqCH
Supplier#000005113|8Oa4 hYPK2IY2XtgGmJ3OSO42KKYhYMm0JT
Supplier#000005130|GhwYHR8ZBbrM28CrR,fMdeH8wgO2la
Supplier#000005139|uxbu7kp0 6ntQzpSLIGhcpRZJqWfZVfrS8Mnu
Supplier#000005183|DGEg4PqYMLuJbTf AmfG3zvPcQ,F
Supplier#000005210|Gb1SnzOsnMke d5AIDzIJEooElYL
Supplier#000005311|m2kwKAYNIe9n5ysrLXIVkPd
Supplier#000005392|80rNQXvYgc8oa6Vud3f
Supplier#000005394|FxETfUU3xA7Jk8dC4lU4dxEcGgNdG69
Supplier#000005467|NfJBlcUJVG8lGL
Supplier#000005489|XSNO3NJWPmIPRMBou7PJodUmTF6
Supplier#000005518|DZpIFpba1VZ5Qn6 BLSrxFrXfytT
Supplier#000005545|a9vTkE8sVY
Supplier#000005549|BJ3aqeHYo7psALHM12UaVYr37xlsAnd
Supplier#000005576|UXqU25sDkQRbz7YI8U
Supplier#000005665|UQEs3xf5LpmhFLx4CIHM7JHYkGkYF
Supplier#000005734|1hNLPg3gwSld5nRJJHoC
Supplier#000005800|vgZ4An2oUXmsh
Supplier#000005830|AFO48PCLrBgkBY3iSbpA5uvVTx ju8d oA
Supplier#000005838|4SzERY e8s
Supplier#000005867|Xr,svOB0nR0
Supplier#000005894|x,96zxP3FAMchh8yAIWJq
Supplier#000005948|,AVsj0Dbver
Supplier#000006094|wq6EZr3njrSo0bUx50jU4cBWH14CEmNd
Supplier#000006140|93EycC3P9tiKu5XEkgb3duqG0
Supplier#000006314|JX6JZ7eMyZ,9JGsEOXA
Supplier#000006389|hLJ01QW0RBHCuKNDT7iiiKz
Supplier#000006412|Oy9uRyGgsCmWmwJeCS OL
Supplier#000006417| JQv0FIkmE82xpAkcPMfYM91zJesK3qmruv83
Supplier#000006461|yCnkZZac6nTbjBq6
Supplier#000006551|MNg1Qmb3xuq
Supplier#000006597|1672 fSWkBvfAP38n1wAx,u5XNCSd4Q0J9m9
Supplier#000006685|E4KuBERFrh9BKiU
Supplier#000006721|06QvzeHSKW
Supplier#000006744|ybeO9yuPgFQ2W4CSQw
Supplier#000006816|I9XsfxxkTTxiIleWJ
Supplier#000006860|,,wvwtQ,iPnSGUDE9mJ45MUVBjx4oRyI
Supplier#000006907|zeis6gjDRIeBkhAIK,SCDt55y0RAtAg05YY A
Supplier#000006922|293uG72TawGSJ
Supplier#000006932|R4ikTRIOmmuFaC,wGmx6iCQa
Supplier#000006981|M5kfDPiO dfJfqWKrRmEUxFLK8rCLkSQ01Guj
Supplier#000007057|y7FptKFu3YCmDFsZf6b,6xbmWP
Supplier#000007150|FP7U7cbhQEybeMzPjQ2jatyYcp4
Supplier#000007167|O,uP7xO,SCDILkyczq4VaoeotMvBC
Supplier#000007225|F ykA n53QblHRXYMEOZr4WwJBF5T7JFLn
Supplier#000007242|WQMe6sy53jRalzf
Supplier#000007464|Q9WBcTjgT1okf3sTwJGmnYU3QAc
Supplier#000007488|cATpp9zHpsa4Y1wdpbbxHA6tZm,gI
Supplier#000007518|JbzpdeQoBLXf,2MURMK7l,3e
Supplier#000007542|Pz IGM,Qrc5OV0 lETgInzHbIr6Uw
Supplier#000007623|d9cXb8a3pGjdlc,DOkl,I8,aUr
Supplier#000007631|eSImoUDXAQp
Supplier#000007709|SmHoGfrBDxzZR2I9K
Supplier#000007727|p6rs44lEg4AfmlK4oi4fLqEQJLcIfaGvGBy
Supplier#000007853|MK40bQXnu0Z, zDH2q9n0tRlCrTTerJGAWy
Supplier#000007928|nHaEdI 5SQDgEolYw
Supplier#000007935|N2vTacDfwSUl2DP6h0,YyV8
Supplier#000007993|r,FoztdN1 ,YCDgea5o
Supplier#000008001|gGU5ucMbIv44xIiypL5KK9ZDgbMFpS4JmJQn7qg
Supplier#000008125|eKfrrdSQ1g
Supplier#000008172|nkVf4sERrJKgUGkvamajC
Supplier#000008218|7hQ5Yk,vC6a C1Kir7YhdN9E8n2t8K70
Supplier#000008335|dsmwQ616A2Fg7frTRzWtXys54mXmb
Supplier#000008379|GeHYbtj,EQacbKAWsyz7SilH5BJ7cY6Pq
Supplier#000008554|UVtVFbwh7wjCm
Supplier#000008591|3G86tepvfRxn
Supplier#000008766|RhYLwyTlHoNkIB ZqE8M,IBQlU PaLh
Supplier#000008784|BZP73YHtEXj08SHlm5n0XuBYIhR35
Supplier#000008819|c9mTo4u5,PzinQycB4SG0L7ob3 crGkyb0
Supplier#000008871|ek1wFrXzUZd
Supplier#000008898|qkoZBx4m 72,Svpfn8C1a b5bee0wYqUlqv,nl
Supplier#000008927|LgwVct4dJnK59FBF50U4lvb6lNGeO9iD9lHkz
Supplier#000008936|OkNmkz3NUGOKZ7j1uTJkR,
Supplier#000009058|JDi9yv70YQ,5GEB6
Supplier#000009060|4i8KTf6YCwNcKtshi2m52R8NtJYxLpAHlCn
Supplier#000009250|9Zdg4CKQ4,AACYfH
Supplier#000009265|El1z,MYnP5ckp
Supplier#000009270|OVPczHDUsYBQGzLbG4dG3G 6Re9y8TqGyZ8F4
Supplier#000009358|Ds5FfdEuXPXVjjRGeq
Supplier#000009418|chJOHEWwW2Iec5roXAeLiyhe8fKYus
Supplier#000009427|clo4KAvzhCQVT,N
Supplier#000009502|eGKoX8yZf6qHMJdqQ0XRhH8,9gNs3z4
Supplier#000009518|,GTEu,DAA9M8H,IDjKvLha80v
Supplier#000009597|NzBmqXeWCAaQcPnn,nldM5XeD7md6G5qBqGQ
Supplier#000009642|H6Mp3wghJzc61Rb
Supplier#000009663|VNN6byIi5Ad1LPgRo8JcqwLsB8kb6ajig5s
Supplier#000009754|EeJyCPZ5qf0BLodby91xROEJPvfGA7ayI
Supplier#000009818|6jPfNtL1KnMUnRZdI0,TfvsiGmJbSTM4SCzEA3L
Supplier#000009893|b85XhVuxBTTZTychS
Supplier#000009913|Xv9xCmjx5N ms
Supplier#000009979|Ote0EB9LmVAeCZHyK K
